-------------------------------------------------------------------------------
Test set: SlideTest
-------------------------------------------------------------------------------
Tests run: 1, Failures: 1, Errors: 0, Skipped: 0, Time elapsed: 0.022 sec <<< FAILURE! - in SlideTest
testingPipelines  Time elapsed: 0.022 sec  <<< FAILURE!
org.opentest4j.AssertionFailedError: expected: not equal but was: <3>
	at SlideTest.testingPipelines(SlideTest.java:21)

